<?xml version="1.0" encoding="UTF-8"?>
<!-- Generated by org.testng.reporters.JUnitReportReporter -->
<testsuite hostname="MacBook-Air-losyash.local" name="com.technopark.ConverterTest" tests="16" failures="0" timestamp="3 Oct 2013 12:33:06 GMT" time="107.475" errors="0">
  <testcase name="wordTest" time="4.516" classname="com.technopark.ConverterTest"/>
  <testcase name="bigNumberTest" time="5.356" classname="com.technopark.ConverterTest"/>
  <testcase name="correctInputTest" time="5.349" classname="com.technopark.ConverterTest"/>
  <testcase name="zeroTest" time="7.583" classname="com.technopark.ConverterTest"/>
  <testcase name="zeroTest" time="6.486" classname="com.technopark.ConverterTest"/>
  <testcase name="correctInputTest" time="4.856" classname="com.technopark.ConverterTest"/>
  <testcase name="emptyTest" time="5.894" classname="com.technopark.ConverterTest"/>
  <testcase name="floatTest" time="4.939" classname="com.technopark.ConverterTest"/>
  <testcase name="wordTest" time="10.553" classname="com.technopark.ConverterTest"/>
  <testcase name="bigNumberTest" time="13.820" classname="com.technopark.ConverterTest"/>
  <testcase name="floatTest" time="6.117" classname="com.technopark.ConverterTest"/>
  <testcase name="negativeTest" time="4.872" classname="com.technopark.ConverterTest"/>
  <testcase name="emptyTest" time="4.627" classname="com.technopark.ConverterTest"/>
  <testcase name="oneTest" time="10.746" classname="com.technopark.ConverterTest"/>
  <testcase name="oneTest" time="7.096" classname="com.technopark.ConverterTest"/>
  <testcase name="negativeTest" time="4.665" classname="com.technopark.ConverterTest"/>
</testsuite> <!-- com.technopark.ConverterTest -->
