<?xml version="1.0" encoding="UTF-8"?>
<!-- Generated by org.testng.reporters.JUnitReportReporter -->
<testsuite hostname="MacBook-Air-losyash.local" name="com.technopark.ConverterTest" tests="16" failures="0" timestamp="2 Oct 2013 19:36:09 GMT" time="54.378" errors="0">
  <testcase name="zeroTest" time="2.952" classname="com.technopark.ConverterTest"/>
  <testcase name="floatTest" time="2.333" classname="com.technopark.ConverterTest"/>
  <testcase name="bigNumberTest" time="2.862" classname="com.technopark.ConverterTest"/>
  <testcase name="wordTest" time="2.786" classname="com.technopark.ConverterTest"/>
  <testcase name="correctInputTest" time="3.380" classname="com.technopark.ConverterTest"/>
  <testcase name="emptyTest" time="3.321" classname="com.technopark.ConverterTest"/>
  <testcase name="wordTest" time="2.350" classname="com.technopark.ConverterTest"/>
  <testcase name="emptyTest" time="2.578" classname="com.technopark.ConverterTest"/>
  <testcase name="bigNumberTest" time="9.902" classname="com.technopark.ConverterTest"/>
  <testcase name="negativeTest" time="3.270" classname="com.technopark.ConverterTest"/>
  <testcase name="correctInputTest" time="3.406" classname="com.technopark.ConverterTest"/>
  <testcase name="floatTest" time="3.302" classname="com.technopark.ConverterTest"/>
  <testcase name="oneTest" time="3.066" classname="com.technopark.ConverterTest"/>
  <testcase name="negativeTest" time="2.888" classname="com.technopark.ConverterTest"/>
  <testcase name="zeroTest" time="2.461" classname="com.technopark.ConverterTest"/>
  <testcase name="oneTest" time="3.521" classname="com.technopark.ConverterTest"/>
</testsuite> <!-- com.technopark.ConverterTest -->
